-762079191 -5 -1 5 10 20
-5 10
-762079191 -5 -1 5 10 20
-5 10
-762079191 -5 -1 5 10 20
-5 10
-762079191 -5 -1 5 10 20
-5 10
-762079191 -5 -1 5 10 20
-5 10
-762079191 -5 -1 5 10 20
-5 10
-5 10
-762079191 -5 -1 5 10 20
-5 10
-762079191 -5 -1 5 10 20
-762079191 -5 -1 5 10 20
-5 10
-5 10
-762079191 -5 -1 5 10 20
-5 10
-762079191 -5 -1 5 10 20
-5 10
-762079191 -5 -1 5 10 20
-5 10
-762079191 -5 -1 5 10 20
-5 10
-762079191 -5 -1 5 10 20
-5 10
-762079191 -5 -1 5 10 20
-5 10
-762079191 -5 -1 5 10 20
-5 10
-762079191 -5 -1 5 10 20
-5 10
-762079191 -5 -1 5 10 20
-5 10
-762079191 -5 -1 5 10 20
-5 10
-762079191 -5 -1 5 10 20
-5 10
-762079191 -5 -1 5 10 20
-5 10
-762079191 -5 -1 5 10 20
-5 10
-762079191 -100 -5 -1 5 10 20 100
-5 10
-762079191 -100 -5 -1 5 10 20 100
-5 10
-5 10
-762079191 -100 -5 -1 5 10 20 100
-5 10
-5 10
-762079191 -100 -5 -1 5 10 20 100
-5 10
-762079191 -100 -5 -1 5 10 20 100
-5 10
-762079191 -100 -5 -1 5 10 20 100
-762079191 -100 -5 -1 5 10 20 100
-762079191 -100 -5 -1 5 10 20 100
-5 10
-762079191 -100 -5 -1 5 10 20 100
-5 10
-762079191 -100 -5 -1 5 10 20 100
-5 10
-762079191 -100 -5 -1 5 10 20 100
-5 10
-762079191 -100 -5 -1 5 10 20 100
-5 10
-762079191 -100 -5 -1 5 10 20 100
-5 10
-5 10
-5 10
-5 10
-5 10
-5 10
-5 10
-5 10
-5 10
-5 10
-5 10
-5 10
-5 10
-5 10
-5 10
-5 10
-5 10
-5 10
-762079191 -100 -5 -1 5 10 20 100
-5 10
-5 10
-762079191 -100 -5 -1 5 10 20 100
-5 10
-762079191 -100 -5 -1 5 10 20 100
-5 10
-762079191 -100 -5 -1 5 10 20 100
-5 10
-5 10
